<?xml version="1.0" encoding="UTF-8"?>
<!-- Generated by org.testng.reporters.JUnitReportReporter -->
<testsuite hostname="Sravanthi" failures="0" tests="1" name="mindq.cucumberframeworkDec.TestRunner" time="8.361" errors="0" timestamp="09 Feb 2023 08:24:46 GMT" skipped="0">
  <testcase classname="mindq.cucumberframeworkDec.TestRunner" name="runScenario" time="8.361"/>
</testsuite> <!-- mindq.cucumberframeworkDec.TestRunner -->
