<?xml version="1.0" encoding="UTF-8"?>
<!-- Generated by org.testng.reporters.JUnitReportReporter -->
<testsuite hostname="Sravanthi" failures="0" tests="1" name="mindq.cucumberframeworkDec.Runner" time="11.886" errors="0" timestamp="08 Feb 2023 08:53:55 GMT" skipped="0">
  <testcase classname="mindq.cucumberframeworkDec.Runner" name="runScenario" time="11.886"/>
</testsuite> <!-- mindq.cucumberframeworkDec.Runner -->
